find: -printf: unknown primary or operator
find: -printf: unknown primary or operator
Traceback (most recent call last):
  File "/Users/sporwal/secret_scanner/bin/detect-secrets-hook", line 5, in <module>
    from detect_secrets.pre_commit_hook import main
  File "/Users/sporwal/secret_scanner/lib/python3.9/site-packages/detect_secrets/__init__.py", line 1, in <module>
    from .core.secrets_collection import SecretsCollection  # noqa: F401
  File "/Users/sporwal/secret_scanner/lib/python3.9/site-packages/detect_secrets/core/secrets_collection.py", line 11, in <module>
    from . import scan
  File "/Users/sporwal/secret_scanner/lib/python3.9/site-packages/detect_secrets/core/scan.py", line 24, in <module>
    from .plugins import Plugin
  File "/Users/sporwal/secret_scanner/lib/python3.9/site-packages/detect_secrets/core/plugins/__init__.py", line 1, in <module>
    from . import initialize    # noqa: F401
  File "/Users/sporwal/secret_scanner/lib/python3.9/site-packages/detect_secrets/core/plugins/initialize.py", line 9, in <module>
    from .util import get_mapping_from_secret_type_to_class
  File "/Users/sporwal/secret_scanner/lib/python3.9/site-packages/detect_secrets/core/plugins/util.py", line 13, in <module>
    from ...plugins.base import BasePlugin
  File "/Users/sporwal/secret_scanner/lib/python3.9/site-packages/detect_secrets/plugins/base.py", line 19, in <module>
    import requests
  File "/Users/sporwal/secret_scanner/lib/python3.9/site-packages/requests/__init__.py", line 43, in <module>
    import urllib3
  File "/Users/sporwal/secret_scanner/lib/python3.9/site-packages/urllib3/__init__.py", line 38, in <module>
    raise ImportError(
ImportError: urllib3 v2.0 only supports OpenSSL 1.1.1+, currently the 'ssl' module is compiled with LibreSSL 2.8.3. See: https://github.com/urllib3/urllib3/issues/2168
